This is XeTeX, Version 3.14159265-2.6-0.999991 (TeX Live 2019/W32TeX) (preloaded format=xelatex 2019.12.18)  18 DEC 2019 13:07
entering extended mode
 restricted \write18 enabled.
 %&-line parsing enabled.
**bookdown-demo.tex
(./bookdown-demo.tex
LaTeX2e <2019-10-01> patch level 3
(c:/Users/andre/AppData/Roaming/TinyTeX/texmf-dist/tex/latex/base/book.cls
Document Class: book 2019/10/25 v1.4k Standard LaTeX document class
(c:/Users/andre/AppData/Roaming/TinyTeX/texmf-dist/tex/latex/base/bk10.clo
File: bk10.clo 2019/10/25 v1.4k Standard LaTeX file (size option)
)
\c@part=\count80
\c@chapter=\count81
\c@section=\count82
\c@subsection=\count83
\c@subsubsection=\count84
\c@paragraph=\count85
\c@subparagraph=\count86
\c@figure=\count87
\c@table=\count88
\abovecaptionskip=\skip41
\belowcaptionskip=\skip42
\bibindent=\dimen102
)
(c:/Users/andre/AppData/Roaming/TinyTeX/texmf-dist/tex/latex/psnfss/mathpazo.st
y
Package: mathpazo 2005/04/12 PSNFSS-v9.2a Palatino w/ Pazo Math (D.Puga, WaS) 
\symupright=\mathgroup4
)
(c:/Users/andre/AppData/Roaming/TinyTeX/texmf-dist/tex/latex/amsfonts/amssymb.s
ty
Package: amssymb 2013/01/14 v3.01 AMS font symbols

(c:/Users/andre/AppData/Roaming/TinyTeX/texmf-dist/tex/latex/amsfonts/amsfonts.
sty
Package: amsfonts 2013/01/14 v3.01 Basic AMSFonts support
\@emptytoks=\toks14
\symAMSa=\mathgroup5
\symAMSb=\mathgroup6
LaTeX Font Info:    Redeclaring math symbol \hbar on input line 98.
LaTeX Font Info:    Overwriting math alphabet `\mathfrak' in version `bold'
(Font)                  U/euf/m/n --> U/euf/b/n on input line 106.
))
(c:/Users/andre/AppData/Roaming/TinyTeX/texmf-dist/tex/latex/amsmath/amsmath.st
y
Package: amsmath 2019/11/16 v2.17d AMS math features
\@mathmargin=\skip43
For additional information on amsmath, use the `?' option.

(c:/Users/andre/AppData/Roaming/TinyTeX/texmf-dist/tex/latex/amsmath/amstext.st
y
Package: amstext 2000/06/29 v2.01 AMS text

(c:/Users/andre/AppData/Roaming/TinyTeX/texmf-dist/tex/latex/amsmath/amsgen.sty
File: amsgen.sty 1999/11/30 v2.0 generic functions
\@emptytoks=\toks15
\ex@=\dimen103
))
(c:/Users/andre/AppData/Roaming/TinyTeX/texmf-dist/tex/latex/amsmath/amsbsy.sty
Package: amsbsy 1999/11/29 v1.2d Bold Symbols
\pmbraise@=\dimen104
)
(c:/Users/andre/AppData/Roaming/TinyTeX/texmf-dist/tex/latex/amsmath/amsopn.sty
Package: amsopn 2016/03/08 v2.02 operator names
)
\inf@bad=\count89
LaTeX Info: Redefining \frac on input line 227.
\uproot@=\count90
\leftroot@=\count91
LaTeX Info: Redefining \overline on input line 389.
\classnum@=\count92
\DOTSCASE@=\count93
LaTeX Info: Redefining \ldots on input line 486.
LaTeX Info: Redefining \dots on input line 489.
LaTeX Info: Redefining \cdots on input line 610.
\Mathstrutbox@=\box27
\strutbox@=\box28
\big@size=\dimen105
LaTeX Font Info:    Redeclaring font encoding OML on input line 733.
LaTeX Font Info:    Redeclaring font encoding OMS on input line 734.
\macc@depth=\count94
\c@MaxMatrixCols=\count95
\dotsspace@=\muskip10
\c@parentequation=\count96
\dspbrk@lvl=\count97
\tag@help=\toks16
\row@=\count98
\column@=\count99
\maxfields@=\count100
\andhelp@=\toks17
\eqnshift@=\dimen106
\alignsep@=\dimen107
\tagshift@=\dimen108
\tagwidth@=\dimen109
\totwidth@=\dimen110
\lineht@=\dimen111
\@envbody=\toks18
\multlinegap=\skip44
\multlinetaggap=\skip45
\mathdisplay@stack=\toks19
LaTeX Info: Redefining \[ on input line 2858.
LaTeX Info: Redefining \] on input line 2859.
)
(c:/Users/andre/AppData/Roaming/TinyTeX/texmf-dist/tex/generic/iftex/ifxetex.st
y
Package: ifxetex 2019/10/25 v0.7 ifxetex legacy package. Use iftex instead.
(c:/Users/andre/AppData/Roaming/TinyTeX/texmf-dist/tex/generic/iftex/iftex.sty
Package: iftex 2019/11/07 v1.0c TeX engine tests
))
(c:/Users/andre/AppData/Roaming/TinyTeX/texmf-dist/tex/generic/iftex/ifluatex.s
ty
Package: ifluatex 2019/10/25 v1.5 ifluatex legacy package. Use iftex instead.
) (c:/Users/andre/AppData/Roaming/TinyTeX/texmf-dist/tex/latex/base/fixltx2e.st
y
Package: fixltx2e 2016/12/29 v2.1a fixes to LaTeX (obsolete)
Applying: [2015/01/01] Old fixltx2e package on input line 46.

Package fixltx2e Warning: fixltx2e is not required with releases after 2015
(fixltx2e)                All fixes are now in the LaTeX kernel.
(fixltx2e)                See the latexrelease package for details.

Already applied: [0000/00/00] Old fixltx2e package on input line 53.
)
(c:/Users/andre/AppData/Roaming/TinyTeX/texmf-dist/tex/xelatex/mathspec/mathspe
c.sty
Package: mathspec 2016/12/22 v0.2b LaTeX Package (Mathematics font selection fo
r XeLaTeX)

(c:/Users/andre/AppData/Roaming/TinyTeX/texmf-dist/tex/latex/etoolbox/etoolbox.
sty
Package: etoolbox 2019/09/21 v2.5h e-TeX tools for LaTeX (JAW)
\etb@tempcnta=\count101
)
(c:/Users/andre/AppData/Roaming/TinyTeX/texmf-dist/tex/latex/fontspec/fontspec.
sty
(c:/Users/andre/AppData/Roaming/TinyTeX/texmf-dist/tex/latex/l3packages/xparse/
xparse.sty
(c:/Users/andre/AppData/Roaming/TinyTeX/texmf-dist/tex/latex/l3kernel/expl3.sty
Package: expl3 2019-11-07 L3 programming layer (loader) 

(c:/Users/andre/AppData/Roaming/TinyTeX/texmf-dist/tex/latex/l3kernel/expl3-cod
e.tex
Package: expl3 2019-11-07 L3 programming layer (code)
\c_max_int=\count102
\l_tmpa_int=\count103
\l_tmpb_int=\count104
\g_tmpa_int=\count105
\g_tmpb_int=\count106
\l__seq_internal_a_int=\count107
\l__seq_internal_b_int=\count108
\g__kernel_prg_map_int=\count109
\c__ior_term_noprompt_ior=\count110
\c_log_iow=\count111
\l_iow_line_count_int=\count112
\l__iow_line_target_int=\count113
\l__iow_one_indent_int=\count114
\l__iow_indent_int=\count115
\c_zero_dim=\dimen112
\c_max_dim=\dimen113
\l_tmpa_dim=\dimen114
\l_tmpb_dim=\dimen115
\g_tmpa_dim=\dimen116
\g_tmpb_dim=\dimen117
\c_zero_skip=\skip46
\c_max_skip=\skip47
\l_tmpa_skip=\skip48
\l_tmpb_skip=\skip49
\g_tmpa_skip=\skip50
\g_tmpb_skip=\skip51
\c_zero_muskip=\muskip11
\c_max_muskip=\muskip12
\l_tmpa_muskip=\muskip13
\l_tmpb_muskip=\muskip14
\g_tmpa_muskip=\muskip15
\g_tmpb_muskip=\muskip16
\l_keys_choice_int=\count116
\l__intarray_loop_int=\count117
\c__intarray_sp_dim=\dimen118
\g__intarray_font_int=\count118
\c__fp_leading_shift_int=\count119
\c__fp_middle_shift_int=\count120
\c__fp_trailing_shift_int=\count121
\c__fp_big_leading_shift_int=\count122
\c__fp_big_middle_shift_int=\count123
\c__fp_big_trailing_shift_int=\count124
\c__fp_Bigg_leading_shift_int=\count125
\c__fp_Bigg_middle_shift_int=\count126
\c__fp_Bigg_trailing_shift_int=\count127
\g__fp_array_int=\count128
\l__fp_array_loop_int=\count129
\l__sort_length_int=\count130
\l__sort_min_int=\count131
\l__sort_top_int=\count132
\l__sort_max_int=\count133
\l__sort_true_max_int=\count134
\l__sort_block_int=\count135
\l__sort_begin_int=\count136
\l__sort_end_int=\count137
\l__sort_A_int=\count138
\l__sort_B_int=\count139
\l__sort_C_int=\count140
\l__str_internal_int=\count141
\l__tl_analysis_normal_int=\count142
\l__tl_analysis_index_int=\count143
\l__tl_analysis_nesting_int=\count144
\l__tl_analysis_type_int=\count145
\l__regex_internal_a_int=\count146
\l__regex_internal_b_int=\count147
\l__regex_internal_c_int=\count148
\l__regex_balance_int=\count149
\l__regex_group_level_int=\count150
\l__regex_mode_int=\count151
\c__regex_cs_in_class_mode_int=\count152
\c__regex_cs_mode_int=\count153
\l__regex_catcodes_int=\count154
\l__regex_default_catcodes_int=\count155
\c__regex_catcode_L_int=\count156
\c__regex_catcode_O_int=\count157
\c__regex_catcode_A_int=\count158
\c__regex_all_catcodes_int=\count159
\l__regex_show_lines_int=\count160
\l__regex_min_state_int=\count161
\l__regex_max_state_int=\count162
\l__regex_left_state_int=\count163
\l__regex_right_state_int=\count164
\l__regex_capturing_group_int=\count165
\l__regex_min_pos_int=\count166
\l__regex_max_pos_int=\count167
\l__regex_curr_pos_int=\count168
\l__regex_start_pos_int=\count169
\l__regex_success_pos_int=\count170
\l__regex_curr_char_int=\count171
\l__regex_curr_catcode_int=\count172
\l__regex_last_char_int=\count173
\l__regex_case_changed_char_int=\count174
\l__regex_curr_state_int=\count175
\l__regex_step_int=\count176
\l__regex_min_active_int=\count177
\l__regex_max_active_int=\count178
\l__regex_replacement_csnames_int=\count179
\l__regex_match_count_int=\count180
\l__regex_min_submatch_int=\count181
\l__regex_submatch_int=\count182
\l__regex_zeroth_submatch_int=\count183
\g__regex_trace_regex_int=\count184
\c_empty_box=\box29
\l_tmpa_box=\box30
\l_tmpb_box=\box31
\g_tmpa_box=\box32
\g_tmpb_box=\box33
\l__box_top_dim=\dimen119
\l__box_bottom_dim=\dimen120
\l__box_left_dim=\dimen121
\l__box_right_dim=\dimen122
\l__box_top_new_dim=\dimen123
\l__box_bottom_new_dim=\dimen124
\l__box_left_new_dim=\dimen125
\l__box_right_new_dim=\dimen126
\l__box_internal_box=\box34
\l__coffin_internal_box=\box35
\l__coffin_internal_dim=\dimen127
\l__coffin_offset_x_dim=\dimen128
\l__coffin_offset_y_dim=\dimen129
\l__coffin_x_dim=\dimen130
\l__coffin_y_dim=\dimen131
\l__coffin_x_prime_dim=\dimen132
\l__coffin_y_prime_dim=\dimen133
\c_empty_coffin=\box36
\l__coffin_aligned_coffin=\box37
\l__coffin_aligned_internal_coffin=\box38
\l_tmpa_coffin=\box39
\l_tmpb_coffin=\box40
\g_tmpa_coffin=\box41
\g_tmpb_coffin=\box42
\l__coffin_bounding_shift_dim=\dimen134
\l__coffin_left_corner_dim=\dimen135
\l__coffin_right_corner_dim=\dimen136
\l__coffin_bottom_corner_dim=\dimen137
\l__coffin_top_corner_dim=\dimen138
\l__coffin_scaled_total_height_dim=\dimen139
\l__coffin_scaled_width_dim=\dimen140
\c__coffin_empty_coffin=\box43
\l__coffin_display_coffin=\box44
\l__coffin_display_coord_coffin=\box45
\l__coffin_display_pole_coffin=\box46
\l__coffin_display_offset_dim=\dimen141
\l__coffin_display_x_dim=\dimen142
\l__coffin_display_y_dim=\dimen143
\g__char_data_ior=\read1

(c:/Users/andre/AppData/Roaming/TinyTeX/texmf-dist/tex/latex/l3kernel/l3depreca
tion.def
File: l3deprecation.def 2019-04-06 v L3 Deprecated functions
))
(c:/Users/andre/AppData/Roaming/TinyTeX/texmf-dist/tex/latex/l3backend/l3backen
d-xdvipdfmx.def
File: l3backend-xdvipdfmx.def 2019-04-06 L3 backend support: xdvipdfmx
\g__graphics_track_int=\count185
\l__pdf_internal_box=\box47
\g__pdf_backend_object_int=\count186
\g__pdf_backend_annotation_int=\count187
))
Package: xparse 2019-10-11 L3 Experimental document command parser
\l__xparse_current_arg_int=\count188
\g__xparse_grabber_int=\count189
\l__xparse_m_args_int=\count190
\l__xparse_v_nesting_int=\count191
)
Package: fontspec 2019/10/19 v2.7d Font selection for XeLaTeX and LuaLaTeX

(c:/Users/andre/AppData/Roaming/TinyTeX/texmf-dist/tex/latex/fontspec/fontspec-
xetex.sty
Package: fontspec-xetex 2019/10/19 v2.7d Font selection for XeLaTeX and LuaLaTe
X
\l__fontspec_script_int=\count192
\l__fontspec_language_int=\count193
\l__fontspec_strnum_int=\count194
\l__fontspec_tmp_int=\count195
\l__fontspec_tmpa_int=\count196
\l__fontspec_tmpb_int=\count197
\l__fontspec_tmpc_int=\count198
\l__fontspec_em_int=\count199
\l__fontspec_emdef_int=\count266
\l__fontspec_strong_int=\count267
\l__fontspec_strongdef_int=\count268
\l__fontspec_tmpa_dim=\dimen144
\l__fontspec_tmpb_dim=\dimen145
\l__fontspec_tmpc_dim=\dimen146
(c:/Users/andre/AppData/Roaming/TinyTeX/texmf-dist/tex/latex/base/fontenc.sty
Package: fontenc 2018/08/11 v2.0j Standard LaTeX package
(c:/Users/andre/AppData/Roaming/TinyTeX/texmf-dist/tex/latex/base/tuenc.def
File: tuenc.def 2018/08/11 v2.0j Standard LaTeX file
LaTeX Font Info:    Redeclaring font encoding TU on input line 82.
))
(c:/Users/andre/AppData/Roaming/TinyTeX/texmf-dist/tex/latex/fontspec/fontspec.
cfg)
LaTeX Info: Redefining \itshape on input line 4047.
LaTeX Info: Redefining \slshape on input line 4052.
LaTeX Info: Redefining \scshape on input line 4057.
LaTeX Info: Redefining \upshape on input line 4062.
LaTeX Info: Redefining \em on input line 4092.
LaTeX Info: Redefining \emph on input line 4117.
))
(c:/Users/andre/AppData/Roaming/TinyTeX/texmf-dist/tex/latex/xkeyval/xkeyval.st
y
Package: xkeyval 2014/12/03 v2.7a package option processing (HA)

(c:/Users/andre/AppData/Roaming/TinyTeX/texmf-dist/tex/generic/xkeyval/xkeyval.
tex
(c:/Users/andre/AppData/Roaming/TinyTeX/texmf-dist/tex/generic/xkeyval/xkvutils
.tex
\XKV@toks=\toks20
\XKV@tempa@toks=\toks21

(c:/Users/andre/AppData/Roaming/TinyTeX/texmf-dist/tex/generic/xkeyval/keyval.t
ex))
\XKV@depth=\count269
File: xkeyval.tex 2014/12/03 v2.7a key=value parser (HA)
))
\c@eu@=\count270
\c@eu@i=\count271
\c@mkern=\count272
)
(c:/Users/andre/AppData/Roaming/TinyTeX/texmf-dist/tex/latex/upquote/upquote.st
y
Package: upquote 2012/04/19 v1.3 upright-quote and grave-accent glyphs in verba
tim
(c:/Users/andre/AppData/Roaming/TinyTeX/texmf-dist/tex/latex/base/textcomp.sty
Package: textcomp 2018/08/11 v2.0j Standard LaTeX package
Package textcomp Info: Sub-encoding information:
(textcomp)               5 = only ISO-Adobe without \textcurrency
(textcomp)               4 = 5 + \texteuro
(textcomp)               3 = 4 + \textohm
(textcomp)               2 = 3 + \textestimated + \textcurrency
(textcomp)               1 = TS1 - \textcircled - \t
(textcomp)               0 = TS1 (full)
(textcomp)             Font families with sub-encoding setting implement
(textcomp)             only a restricted character set as indicated.
(textcomp)             Family '?' is the default used for unknown fonts.
(textcomp)             See the documentation for details.
Package textcomp Info: Setting ? sub-encoding to TS1/1 on input line 79.
(c:/Users/andre/AppData/Roaming/TinyTeX/texmf-dist/tex/latex/base/ts1enc.def
File: ts1enc.def 2001/06/05 v3.0e (jk/car/fm) Standard LaTeX file
)
LaTeX Info: Redefining \oldstylenums on input line 334.
Package textcomp Info: Setting cmr sub-encoding to TS1/0 on input line 349.
Package textcomp Info: Setting cmss sub-encoding to TS1/0 on input line 350.
Package textcomp Info: Setting cmtt sub-encoding to TS1/0 on input line 351.
Package textcomp Info: Setting cmvtt sub-encoding to TS1/0 on input line 352.
Package textcomp Info: Setting cmbr sub-encoding to TS1/0 on input line 353.
Package textcomp Info: Setting cmtl sub-encoding to TS1/0 on input line 354.
Package textcomp Info: Setting ccr sub-encoding to TS1/0 on input line 355.
Package textcomp Info: Setting ptm sub-encoding to TS1/4 on input line 356.
Package textcomp Info: Setting pcr sub-encoding to TS1/4 on input line 357.
Package textcomp Info: Setting phv sub-encoding to TS1/4 on input line 358.
Package textcomp Info: Setting ppl sub-encoding to TS1/3 on input line 359.
Package textcomp Info: Setting pag sub-encoding to TS1/4 on input line 360.
Package textcomp Info: Setting pbk sub-encoding to TS1/4 on input line 361.
Package textcomp Info: Setting pnc sub-encoding to TS1/4 on input line 362.
Package textcomp Info: Setting pzc sub-encoding to TS1/4 on input line 363.
Package textcomp Info: Setting bch sub-encoding to TS1/4 on input line 364.
Package textcomp Info: Setting put sub-encoding to TS1/5 on input line 365.
Package textcomp Info: Setting uag sub-encoding to TS1/5 on input line 366.
Package textcomp Info: Setting ugq sub-encoding to TS1/5 on input line 367.
Package textcomp Info: Setting ul8 sub-encoding to TS1/4 on input line 368.
Package textcomp Info: Setting ul9 sub-encoding to TS1/4 on input line 369.
Package textcomp Info: Setting augie sub-encoding to TS1/5 on input line 370.
Package textcomp Info: Setting dayrom sub-encoding to TS1/3 on input line 371.
Package textcomp Info: Setting dayroms sub-encoding to TS1/3 on input line 372.

Package textcomp Info: Setting pxr sub-encoding to TS1/0 on input line 373.
Package textcomp Info: Setting pxss sub-encoding to TS1/0 on input line 374.
Package textcomp Info: Setting pxtt sub-encoding to TS1/0 on input line 375.
Package textcomp Info: Setting txr sub-encoding to TS1/0 on input line 376.
Package textcomp Info: Setting txss sub-encoding to TS1/0 on input line 377.
Package textcomp Info: Setting txtt sub-encoding to TS1/0 on input line 378.
Package textcomp Info: Setting lmr sub-encoding to TS1/0 on input line 379.
Package textcomp Info: Setting lmdh sub-encoding to TS1/0 on input line 380.
Package textcomp Info: Setting lmss sub-encoding to TS1/0 on input line 381.
Package textcomp Info: Setting lmssq sub-encoding to TS1/0 on input line 382.
Package textcomp Info: Setting lmvtt sub-encoding to TS1/0 on input line 383.
Package textcomp Info: Setting lmtt sub-encoding to TS1/0 on input line 384.
Package textcomp Info: Setting qhv sub-encoding to TS1/0 on input line 385.
Package textcomp Info: Setting qag sub-encoding to TS1/0 on input line 386.
Package textcomp Info: Setting qbk sub-encoding to TS1/0 on input line 387.
Package textcomp Info: Setting qcr sub-encoding to TS1/0 on input line 388.
Package textcomp Info: Setting qcs sub-encoding to TS1/0 on input line 389.
Package textcomp Info: Setting qpl sub-encoding to TS1/0 on input line 390.
Package textcomp Info: Setting qtm sub-encoding to TS1/0 on input line 391.
Package textcomp Info: Setting qzc sub-encoding to TS1/0 on input line 392.
Package textcomp Info: Setting qhvc sub-encoding to TS1/0 on input line 393.
Package textcomp Info: Setting futs sub-encoding to TS1/4 on input line 394.
Package textcomp Info: Setting futx sub-encoding to TS1/4 on input line 395.
Package textcomp Info: Setting futj sub-encoding to TS1/4 on input line 396.
Package textcomp Info: Setting hlh sub-encoding to TS1/3 on input line 397.
Package textcomp Info: Setting hls sub-encoding to TS1/3 on input line 398.
Package textcomp Info: Setting hlst sub-encoding to TS1/3 on input line 399.
Package textcomp Info: Setting hlct sub-encoding to TS1/5 on input line 400.
Package textcomp Info: Setting hlx sub-encoding to TS1/5 on input line 401.
Package textcomp Info: Setting hlce sub-encoding to TS1/5 on input line 402.
Package textcomp Info: Setting hlcn sub-encoding to TS1/5 on input line 403.
Package textcomp Info: Setting hlcw sub-encoding to TS1/5 on input line 404.
Package textcomp Info: Setting hlcf sub-encoding to TS1/5 on input line 405.
Package textcomp Info: Setting pplx sub-encoding to TS1/3 on input line 406.
Package textcomp Info: Setting pplj sub-encoding to TS1/3 on input line 407.
Package textcomp Info: Setting ptmx sub-encoding to TS1/4 on input line 408.
Package textcomp Info: Setting ptmj sub-encoding to TS1/4 on input line 409.
))
(c:/Users/andre/AppData/Roaming/TinyTeX/texmf-dist/tex/latex/hyperref/hyperref.
sty
Package: hyperref 2019/11/10 v7.00c Hypertext links for LaTeX

(c:/Users/andre/AppData/Roaming/TinyTeX/texmf-dist/tex/generic/ltxcmds/ltxcmds.
sty
Package: ltxcmds 2019/12/15 v1.24 LaTeX kernel commands for general use (HO)
)
(c:/Users/andre/AppData/Roaming/TinyTeX/texmf-dist/tex/latex/pdftexcmds/pdftexc
mds.sty
Package: pdftexcmds 2019/11/24 v0.31 Utility functions of pdfTeX for LuaTeX (HO
)

(c:/Users/andre/AppData/Roaming/TinyTeX/texmf-dist/tex/generic/infwarerr/infwar
err.sty
Package: infwarerr 2019/12/03 v1.5 Providing info/warning/error messages (HO)
)
Package pdftexcmds Info: \pdf@primitive is available.
Package pdftexcmds Info: \pdf@ifprimitive is available.
Package pdftexcmds Info: \pdfdraftmode not found.
)
(c:/Users/andre/AppData/Roaming/TinyTeX/texmf-dist/tex/generic/kvsetkeys/kvsetk
eys.sty
Package: kvsetkeys 2019/12/15 v1.18 Key value parser (HO)
)
(c:/Users/andre/AppData/Roaming/TinyTeX/texmf-dist/tex/generic/kvdefinekeys/kvd
efinekeys.sty
Package: kvdefinekeys 2019/12/15 v1.5 Define keys (HO)
)
(c:/Users/andre/AppData/Roaming/TinyTeX/texmf-dist/tex/generic/pdfescape/pdfesc
ape.sty
Package: pdfescape 2019/12/09 v1.15 Implements pdfTeX's escape features (HO)
)
(c:/Users/andre/AppData/Roaming/TinyTeX/texmf-dist/tex/latex/hycolor/hycolor.st
y
Package: hycolor 2019/12/15 v1.9 Color options for hyperref/bookmark (HO)

(c:/Users/andre/AppData/Roaming/TinyTeX/texmf-dist/tex/latex/hycolor/xcolor-pat
ch.sty
Package: xcolor-patch 2019/12/15 xcolor patch

(c:/Users/andre/AppData/Roaming/TinyTeX/texmf-dist/tex/latex/oberdiek/hopatch.s
ty
Package: hopatch 2016/05/16 v1.3 Wrapper for package hooks (HO)
)))
(c:/Users/andre/AppData/Roaming/TinyTeX/texmf-dist/tex/latex/letltxmacro/letltx
macro.sty
Package: letltxmacro 2019/12/03 v1.6 Let assignment for LaTeX macros (HO)
)
(c:/Users/andre/AppData/Roaming/TinyTeX/texmf-dist/tex/latex/auxhook/auxhook.st
y
Package: auxhook 2019-12-17 v1.6 Hooks for auxiliary files (HO)
)
(c:/Users/andre/AppData/Roaming/TinyTeX/texmf-dist/tex/latex/kvoptions/kvoption
s.sty
Package: kvoptions 2019/11/29 v3.13 Key value format for package options (HO)
)
\@linkdim=\dimen147
\Hy@linkcounter=\count273
\Hy@pagecounter=\count274

(c:/Users/andre/AppData/Roaming/TinyTeX/texmf-dist/tex/latex/hyperref/pd1enc.de
f
File: pd1enc.def 2019/11/10 v7.00c Hyperref: PDFDocEncoding definition (HO)
)
(c:/Users/andre/AppData/Roaming/TinyTeX/texmf-dist/tex/generic/intcalc/intcalc.
sty
Package: intcalc 2019/12/15 v1.3 Expandable calculations with integers (HO)
)
(c:/Users/andre/AppData/Roaming/TinyTeX/texmf-dist/tex/generic/etexcmds/etexcmd
s.sty
Package: etexcmds 2019/12/15 v1.7 Avoid name clashes with e-TeX commands (HO)
)
\Hy@SavedSpaceFactor=\count275

(c:/Users/andre/AppData/Roaming/TinyTeX/texmf-dist/tex/latex/latexconfig/hyperr
ef.cfg
File: hyperref.cfg 2002/06/06 v1.2 hyperref configuration of TeXLive
)
Package hyperref Info: Hyper figures OFF on input line 4535.
Package hyperref Info: Link nesting OFF on input line 4540.
Package hyperref Info: Hyper index ON on input line 4543.
Package hyperref Info: Plain pages OFF on input line 4550.
Package hyperref Info: Backreferencing OFF on input line 4555.
Package hyperref Info: Implicit mode ON; LaTeX internals redefined.
Package hyperref Info: Bookmarks ON on input line 4788.
\c@Hy@tempcnt=\count276
(c:/Users/andre/AppData/Roaming/TinyTeX/texmf-dist/tex/latex/url/url.sty
\Urlmuskip=\muskip17
Package: url 2013/09/16  ver 3.4  Verb mode for urls, etc.
)
LaTeX Info: Redefining \url on input line 5147.
\XeTeXLinkMargin=\dimen148

(c:/Users/andre/AppData/Roaming/TinyTeX/texmf-dist/tex/generic/bitset/bitset.st
y
Package: bitset 2019/12/09 v1.3 Handle bit-vector datatype (HO)

(c:/Users/andre/AppData/Roaming/TinyTeX/texmf-dist/tex/generic/bigintcalc/bigin
tcalc.sty
Package: bigintcalc 2019/12/15 v1.5 Expandable calculations on big integers (HO
)
))
\Fld@menulength=\count277
\Field@Width=\dimen149
\Fld@charsize=\dimen150
Package hyperref Info: Hyper figures OFF on input line 6418.
Package hyperref Info: Link nesting OFF on input line 6423.
Package hyperref Info: Hyper index ON on input line 6426.
Package hyperref Info: backreferencing OFF on input line 6433.
Package hyperref Info: Link coloring OFF on input line 6438.
Package hyperref Info: Link coloring with OCG OFF on input line 6443.
Package hyperref Info: PDF/A mode OFF on input line 6448.
LaTeX Info: Redefining \ref on input line 6488.
LaTeX Info: Redefining \pageref on input line 6492.

(c:/Users/andre/AppData/Roaming/TinyTeX/texmf-dist/tex/generic/atbegshi/atbegsh
i.sty
Package: atbegshi 2019/12/05 v1.19 At begin shipout hook (HO)
)
\Hy@abspage=\count278
\c@Item=\count279
\c@Hfootnote=\count280
)
Package hyperref Info: Driver (autodetected): hxetex.

(c:/Users/andre/AppData/Roaming/TinyTeX/texmf-dist/tex/latex/hyperref/hxetex.de
f
File: hxetex.def 2019/11/10 v7.00c Hyperref driver for XeTeX

(c:/Users/andre/AppData/Roaming/TinyTeX/texmf-dist/tex/latex/hyperref/puenc.def
File: puenc.def 2019/11/10 v7.00c Hyperref: PDF Unicode definition (HO)
)
(c:/Users/andre/AppData/Roaming/TinyTeX/texmf-dist/tex/generic/stringenc/string
enc.sty
Package: stringenc 2019/11/29 v1.12 Convert strings between diff. encodings (HO
)
)
\pdfm@box=\box48
\c@Hy@AnnotLevel=\count281
\HyField@AnnotCount=\count282
\Fld@listcount=\count283
\c@bookmark@seq@number=\count284

(c:/Users/andre/AppData/Roaming/TinyTeX/texmf-dist/tex/latex/rerunfilecheck/rer
unfilecheck.sty
Package: rerunfilecheck 2019/12/05 v1.9 Rerun checks for auxiliary files (HO)

(c:/Users/andre/AppData/Roaming/TinyTeX/texmf-dist/tex/latex/atveryend/atveryen
d.sty
Package: atveryend 2019-12-11 v1.11 Hooks at the very end of document (HO)
)
(c:/Users/andre/AppData/Roaming/TinyTeX/texmf-dist/tex/generic/uniquecounter/un
iquecounter.sty
Package: uniquecounter 2019/12/15 v1.4 Provide unlimited unique counter (HO)
)
Package uniquecounter Info: New unique counter `rerunfilecheck' on input line 2
86.
)
\Hy@SectionHShift=\skip52
)
Package hyperref Info: Option `unicode' set `true' on input line 29.

(c:/Users/andre/AppData/Roaming/TinyTeX/texmf-dist/tex/generic/stringenc/se-asc
ii-print.def
File: se-ascii-print.def 2019/11/29 v1.12 stringenc: Printable ASCII characters

)
Package hyperref Info: Option `breaklinks' set `true' on input line 29.
(c:/Users/andre/AppData/Roaming/TinyTeX/texmf-dist/tex/latex/natbib/natbib.sty
Package: natbib 2010/09/13 8.31b (PWD, AO)
\bibhang=\skip53
\bibsep=\skip54
LaTeX Info: Redefining \cite on input line 694.
\c@NAT@ctr=\count285
)
(c:/Users/andre/AppData/Roaming/TinyTeX/texmf-dist/tex/latex/tools/longtable.st
y
Package: longtable 2019/02/06 v4.12 Multi-page Table package (DPC)
\LTleft=\skip55
\LTright=\skip56
\LTpre=\skip57
\LTpost=\skip58
\LTchunksize=\count286
\LTcapwidth=\dimen151
\LT@head=\box49
\LT@firsthead=\box50
\LT@foot=\box51
\LT@lastfoot=\box52
\LT@cols=\count287
\LT@rows=\count288
\c@LT@tables=\count289
\c@LT@chunks=\count290
\LT@p@ftn=\toks22
)
(c:/Users/andre/AppData/Roaming/TinyTeX/texmf-dist/tex/latex/booktabs/booktabs.
sty
Package: booktabs 2019/10/08 v1.6180339 publication quality tables
\heavyrulewidth=\dimen152
\lightrulewidth=\dimen153
\cmidrulewidth=\dimen154
\belowrulesep=\dimen155
\belowbottomsep=\dimen156
\aboverulesep=\dimen157
\abovetopsep=\dimen158
\cmidrulesep=\dimen159
\cmidrulekern=\dimen160
\defaultaddspace=\dimen161
\@cmidla=\count291
\@cmidlb=\count292
\@aboverulesep=\dimen162
\@belowrulesep=\dimen163
\@thisruleclass=\count293
\@lastruleclass=\count294
\@thisrulewidth=\dimen164
)
(c:/Users/andre/AppData/Roaming/TinyTeX/texmf-dist/tex/latex/graphics/graphicx.
sty
Package: graphicx 2017/06/01 v1.1a Enhanced LaTeX Graphics (DPC,SPQR)

(c:/Users/andre/AppData/Roaming/TinyTeX/texmf-dist/tex/latex/graphics/graphics.
sty
Package: graphics 2019/11/01 v1.3d Standard LaTeX Graphics (DPC,SPQR)
(c:/Users/andre/AppData/Roaming/TinyTeX/texmf-dist/tex/latex/graphics/trig.sty
Package: trig 2016/01/03 v1.10 sin cos tan (DPC)
)
(c:/Users/andre/AppData/Roaming/TinyTeX/texmf-dist/tex/latex/graphics-cfg/graph
ics.cfg
File: graphics.cfg 2016/06/04 v1.11 sample graphics configuration
)
Package graphics Info: Driver file: xetex.def on input line 105.

(c:/Users/andre/AppData/Roaming/TinyTeX/texmf-dist/tex/latex/graphics-def/xetex
.def
File: xetex.def 2017/06/24 v5.0h Graphics/color driver for xetex
))
\Gin@req@height=\dimen165
\Gin@req@width=\dimen166
)
(c:/Users/andre/AppData/Roaming/TinyTeX/texmf-dist/tex/latex/grffile/grffile.st
y
Package: grffile 2019/11/11 v2.1 Extended file name support for graphics (legac
y)
Package grffile Info: This package is an empty stub for compatibility on input 
line 40.
)
(c:/Users/andre/AppData/Roaming/TinyTeX/texmf-dist/tex/latex/titling/titling.st
y
Package: titling 2009/09/04 v2.1d maketitle typesetting
\thanksmarkwidth=\skip59
\thanksmargin=\skip60
\droptitle=\skip61
) (c:/Users/andre/AppData/Roaming/TinyTeX/texmf-dist/tex/latex/amscls/amsthm.st
y
Package: amsthm 2017/10/31 v2.20.4
\thm@style=\toks23
\thm@bodyfont=\toks24
\thm@headfont=\toks25
\thm@notefont=\toks26
\thm@headpunct=\toks27
\thm@preskip=\skip62
\thm@postskip=\skip63
\thm@headsep=\skip64
\dth@everypar=\toks28
)

LaTeX Warning: Unused global option(s):
    [9pt].

(./bookdown-demo.aux)
\openout1 = `bookdown-demo.aux'.

LaTeX Font Info:    Checking defaults for OML/cmm/m/it on input line 99.
LaTeX Font Info:    ... okay on input line 99.
LaTeX Font Info:    Checking defaults for T1/cmr/m/n on input line 99.
LaTeX Font Info:    ... okay on input line 99.
LaTeX Font Info:    Checking defaults for OT1/cmr/m/n on input line 99.
LaTeX Font Info:    ... okay on input line 99.
LaTeX Font Info:    Checking defaults for OMS/cmsy/m/n on input line 99.
LaTeX Font Info:    ... okay on input line 99.
LaTeX Font Info:    Checking defaults for TU/lmr/m/n on input line 99.
LaTeX Font Info:    ... okay on input line 99.
LaTeX Font Info:    Checking defaults for OMX/cmex/m/n on input line 99.
LaTeX Font Info:    ... okay on input line 99.
LaTeX Font Info:    Checking defaults for U/cmr/m/n on input line 99.
LaTeX Font Info:    ... okay on input line 99.
LaTeX Font Info:    Checking defaults for TS1/cmr/m/n on input line 99.
LaTeX Font Info:    Trying to load font information for TS1+cmr on input line 9
9.
(c:/Users/andre/AppData/Roaming/TinyTeX/texmf-dist/tex/latex/base/ts1cmr.fd
File: ts1cmr.fd 2014/09/29 v2.5h Standard LaTeX font definitions
)
LaTeX Font Info:    ... okay on input line 99.
LaTeX Font Info:    Checking defaults for PD1/pdf/m/n on input line 99.
LaTeX Font Info:    ... okay on input line 99.
LaTeX Font Info:    Checking defaults for PU/pdf/m/n on input line 99.
LaTeX Font Info:    ... okay on input line 99.
\AtBeginShipoutBox=\box53
Package hyperref Info: Link coloring OFF on input line 99.

(c:/Users/andre/AppData/Roaming/TinyTeX/texmf-dist/tex/latex/hyperref/nameref.s
ty
Package: nameref 2019/09/16 v2.46 Cross-referencing by name of section

(c:/Users/andre/AppData/Roaming/TinyTeX/texmf-dist/tex/latex/refcount/refcount.
sty
Package: refcount 2019/12/15 v3.6 Data extraction from label references (HO)
)
(c:/Users/andre/AppData/Roaming/TinyTeX/texmf-dist/tex/generic/gettitlestring/g
ettitlestring.sty
Package: gettitlestring 2019/12/15 v1.6 Cleanup title references (HO)
)
\c@section@level=\count295
)
LaTeX Info: Redefining \ref on input line 99.
LaTeX Info: Redefining \pageref on input line 99.
LaTeX Info: Redefining \nameref on input line 99.
(./bookdown-demo.out) (./bookdown-demo.out)
\@outlinefile=\write3
\openout3 = `bookdown-demo.out'.

[1


] [2

] (./bookdown-demo.toc
LaTeX Font Info:    Trying to load font information for OT1+ppl on input line 6
.
(c:/Users/andre/AppData/Roaming/TinyTeX/texmf-dist/tex/latex/psnfss/ot1ppl.fd
File: ot1ppl.fd 2001/06/04 font definitions for OT1/ppl.
)
LaTeX Font Info:    Trying to load font information for OML+zplm on input line 
6.
(c:/Users/andre/AppData/Roaming/TinyTeX/texmf-dist/tex/latex/psnfss/omlzplm.fd
File: omlzplm.fd 2002/09/08 Fontinst v1.914 font definitions for OML/zplm.
)
LaTeX Font Info:    Trying to load font information for OMS+zplm on input line 
6.
(c:/Users/andre/AppData/Roaming/TinyTeX/texmf-dist/tex/latex/psnfss/omszplm.fd
File: omszplm.fd 2002/09/08 Fontinst v1.914 font definitions for OMS/zplm.
)
LaTeX Font Info:    Trying to load font information for OMX+zplm on input line 
6.
(c:/Users/andre/AppData/Roaming/TinyTeX/texmf-dist/tex/latex/psnfss/omxzplm.fd
File: omxzplm.fd 2002/09/08 Fontinst v1.914 font definitions for OMX/zplm.
)
LaTeX Font Info:    Trying to load font information for OT1+zplm on input line 
6.
(c:/Users/andre/AppData/Roaming/TinyTeX/texmf-dist/tex/latex/psnfss/ot1zplm.fd
File: ot1zplm.fd 2002/09/08 Fontinst v1.914 font definitions for OT1/zplm.
)
LaTeX Font Info:    Font shape `U/msa/m/n' will be
(Font)              scaled to size 10.42007pt on input line 6.
LaTeX Font Info:    Font shape `U/msa/m/n' will be
(Font)              scaled to size 7.91925pt on input line 6.
LaTeX Font Info:    Font shape `U/msa/m/n' will be
(Font)              scaled to size 6.25204pt on input line 6.
LaTeX Font Info:    Font shape `U/msb/m/n' will be
(Font)              scaled to size 10.42007pt on input line 6.
LaTeX Font Info:    Font shape `U/msb/m/n' will be
(Font)              scaled to size 7.91925pt on input line 6.
LaTeX Font Info:    Font shape `U/msb/m/n' will be
(Font)              scaled to size 6.25204pt on input line 6.
[3])
\tf@toc=\write4
\openout4 = `bookdown-demo.toc'.

[4]
Chapter 1.
[5

] [6

]
Chapter 2.
File: C:/Users/andre/Documents/HBGDki/ki-longitudinal-manuscripts/figures/risk-
factor/RR-plots/fig-RR-sex.png Graphic file (type bmp)
<C:/Users/andre/Documents/HBGDki/ki-longitudinal-manuscripts/figures/risk-facto
r/RR-plots/fig-RR-sex.png>

Overfull \hbox (666.82588pt too wide) in paragraph at lines 123--124
[]  
 []


Underfull \vbox (badness 10000) has occurred while \output is active []

[7]
Overfull \vbox (72.698pt too high) has occurred while \output is active []

[8]
Chapter 3.
[9

] [10

]
Chapter 4.
File: C:/Users/andre/Documents/HBGDki/ki-longitudinal-manuscripts/figures/risk-
factor/fig-sig-heatmap_FE.png Graphic file (type bmp)
<C:/Users/andre/Documents/HBGDki/ki-longitudinal-manuscripts/figures/risk-facto
r/fig-sig-heatmap_FE.png>

Overfull \hbox (106.79648pt too wide) in paragraph at lines 150--154
[][] 
 []


Underfull \vbox (badness 10000) has occurred while \output is active []

[11] [12]
File: C:/Users/andre/Documents/HBGDki/ki-longitudinal-manuscripts/figures/manus
cript-figure-composites/risk-factor/extended-data/fig-laz-PAR-strat-age_FE.png 
Graphic file (type bmp)
<C:/Users/andre/Documents/HBGDki/ki-longitudinal-manuscripts/figures/manuscript
-figure-composites/risk-factor/extended-data/fig-laz-PAR-strat-age_FE.png>

Overfull \hbox (113.34239pt too wide) in paragraph at lines 155--159
[][] 
 []


Underfull \vbox (badness 10000) has occurred while \output is active []


Overfull \hbox (174.97015pt too wide) has occurred while \output is active
\TU/lmr/m/sl/10 4.1.  PRIMARY MANUSCRIPT FIGURES RECREATED WITH ESTIMATES POOLE
D USING FIXED EFFECTS \TU/lmr/m/n/10 13
 []

[13] [14]
File: C:/Users/andre/Documents/HBGDki/ki-longitudinal-manuscripts/figures/manus
cript-figure-composites/risk-factor/extended-data/fig-wlz-PAR-strat-age_FE.png 
Graphic file (type bmp)
<C:/Users/andre/Documents/HBGDki/ki-longitudinal-manuscripts/figures/manuscript
-figure-composites/risk-factor/extended-data/fig-wlz-PAR-strat-age_FE.png>

Overfull \hbox (113.34239pt too wide) in paragraph at lines 160--164
[][] 
 []


Underfull \vbox (badness 10000) has occurred while \output is active []


Overfull \hbox (174.97015pt too wide) has occurred while \output is active
\TU/lmr/m/sl/10 4.1.  PRIMARY MANUSCRIPT FIGURES RECREATED WITH ESTIMATES POOLE
D USING FIXED EFFECTS \TU/lmr/m/n/10 15
 []

[15] [16]
File: C:/Users/andre/Documents/HBGDki/ki-longitudinal-manuscripts/figures/manus
cript-figure-composites/risk-factor/extended-data/fig-laz-PAR-strat-region_FE.p
ng Graphic file (type bmp)
<C:/Users/andre/Documents/HBGDki/ki-longitudinal-manuscripts/figures/manuscript
-figure-composites/risk-factor/extended-data/fig-laz-PAR-strat-region_FE.png>

Overfull \hbox (113.34239pt too wide) in paragraph at lines 165--169
[][] 
 []


Underfull \vbox (badness 10000) has occurred while \output is active []


Overfull \hbox (174.97015pt too wide) has occurred while \output is active
\TU/lmr/m/sl/10 4.1.  PRIMARY MANUSCRIPT FIGURES RECREATED WITH ESTIMATES POOLE
D USING FIXED EFFECTS \TU/lmr/m/n/10 17
 []

[17] [18]
File: C:/Users/andre/Documents/HBGDki/ki-longitudinal-manuscripts/figures/manus
cript-figure-composites/risk-factor/extended-data/fig-wlz-PAR-strat-region_FE.p
ng Graphic file (type bmp)
<C:/Users/andre/Documents/HBGDki/ki-longitudinal-manuscripts/figures/manuscript
-figure-composites/risk-factor/extended-data/fig-wlz-PAR-strat-region_FE.png>

Overfull \hbox (113.34239pt too wide) in paragraph at lines 170--174
[][] 
 []


Underfull \vbox (badness 10000) has occurred while \output is active []


Overfull \hbox (174.97015pt too wide) has occurred while \output is active
\TU/lmr/m/sl/10 4.1.  PRIMARY MANUSCRIPT FIGURES RECREATED WITH ESTIMATES POOLE
D USING FIXED EFFECTS \TU/lmr/m/n/10 19
 []

[19] [20]
Overfull \hbox (174.97015pt too wide) has occurred while \output is active
\TU/lmr/m/sl/10 4.1.  PRIMARY MANUSCRIPT FIGURES RECREATED WITH ESTIMATES POOLE
D USING FIXED EFFECTS \TU/lmr/m/n/10 21
 []

[21] [22

]
Chapter 5.
[23] [24

]
Chapter 6.
File: 05-splines_files/figure-latex/unnamed-chunk-1-1.pdf Graphic file (type pd
f)
<use 05-splines_files/figure-latex/unnamed-chunk-1-1.pdf>
File: 05-splines_files/figure-latex/unnamed-chunk-2-1.pdf Graphic file (type pd
f)
<use 05-splines_files/figure-latex/unnamed-chunk-2-1.pdf>

Underfull \vbox (badness 1189) has occurred while \output is active []

[25]
File: 05-splines_files/figure-latex/unnamed-chunk-3-1.pdf Graphic file (type pd
f)
<use 05-splines_files/figure-latex/unnamed-chunk-3-1.pdf>
File: 05-splines_files/figure-latex/unnamed-chunk-4-1.pdf Graphic file (type pd
f)
<use 05-splines_files/figure-latex/unnamed-chunk-4-1.pdf>

Overfull \hbox (0.27562pt too wide) has occurred while \output is active
\TU/lmr/m/n/10 26 \TU/lmr/m/sl/10 CHAPTER 6.  SENSITIVITY ANALYSIS OF SPLINE-FI
TTING METHOD
 []

[26]
File: 05-splines_files/figure-latex/unnamed-chunk-5-1.pdf Graphic file (type pd
f)
<use 05-splines_files/figure-latex/unnamed-chunk-5-1.pdf>

Underfull \vbox (badness 10000) has occurred while \output is active []

[27]
File: 05-splines_files/figure-latex/unnamed-chunk-6-1.pdf Graphic file (type pd
f)
<use 05-splines_files/figure-latex/unnamed-chunk-6-1.pdf>

Underfull \vbox (badness 10000) has occurred while \output is active []


Overfull \hbox (0.27562pt too wide) has occurred while \output is active
\TU/lmr/m/n/10 28 \TU/lmr/m/sl/10 CHAPTER 6.  SENSITIVITY ANALYSIS OF SPLINE-FI
TTING METHOD
 []

[28]
File: 05-splines_files/figure-latex/unnamed-chunk-7-1.pdf Graphic file (type pd
f)
<use 05-splines_files/figure-latex/unnamed-chunk-7-1.pdf>
File: 05-splines_files/figure-latex/unnamed-chunk-8-1.pdf Graphic file (type pd
f)
<use 05-splines_files/figure-latex/unnamed-chunk-8-1.pdf>
[29]
File: 05-splines_files/figure-latex/unnamed-chunk-9-1.pdf Graphic file (type pd
f)
<use 05-splines_files/figure-latex/unnamed-chunk-9-1.pdf>

Underfull \vbox (badness 10000) has occurred while \output is active []


Overfull \hbox (0.27562pt too wide) has occurred while \output is active
\TU/lmr/m/n/10 30 \TU/lmr/m/sl/10 CHAPTER 6.  SENSITIVITY ANALYSIS OF SPLINE-FI
TTING METHOD
 []

[30]
File: 05-splines_files/figure-latex/unnamed-chunk-10-1.pdf Graphic file (type p
df)
<use 05-splines_files/figure-latex/unnamed-chunk-10-1.pdf>

Underfull \vbox (badness 10000) has occurred while \output is active []

[31]
File: 05-splines_files/figure-latex/unnamed-chunk-11-1.pdf Graphic file (type p
df)
<use 05-splines_files/figure-latex/unnamed-chunk-11-1.pdf>
File: 05-splines_files/figure-latex/unnamed-chunk-12-1.pdf Graphic file (type p
df)
<use 05-splines_files/figure-latex/unnamed-chunk-12-1.pdf>

Overfull \hbox (0.27562pt too wide) has occurred while \output is active
\TU/lmr/m/n/10 32 \TU/lmr/m/sl/10 CHAPTER 6.  SENSITIVITY ANALYSIS OF SPLINE-FI
TTING METHOD
 []

[32]
Overfull \hbox (12.0pt too wide) in paragraph at lines 258--258
[]\TU/lmtt/m/n/10 ## Warning: Removed 1711 rows containing missing values (geom
_path).[] 
 []

File: 05-splines_files/figure-latex/unnamed-chunk-13-1.pdf Graphic file (type p
df)
<use 05-splines_files/figure-latex/unnamed-chunk-13-1.pdf>

Underfull \vbox (badness 10000) has occurred while \output is active []

[33]
File: 05-splines_files/figure-latex/unnamed-chunk-14-1.pdf Graphic file (type p
df)
<use 05-splines_files/figure-latex/unnamed-chunk-14-1.pdf>
File: 05-splines_files/figure-latex/unnamed-chunk-15-1.pdf Graphic file (type p
df)
<use 05-splines_files/figure-latex/unnamed-chunk-15-1.pdf>

Underfull \vbox (badness 1983) has occurred while \output is active []


Overfull \hbox (0.27562pt too wide) has occurred while \output is active
\TU/lmr/m/n/10 34 \TU/lmr/m/sl/10 CHAPTER 6.  SENSITIVITY ANALYSIS OF SPLINE-FI
TTING METHOD
 []

[34]
File: 05-splines_files/figure-latex/unnamed-chunk-16-1.pdf Graphic file (type p
df)
<use 05-splines_files/figure-latex/unnamed-chunk-16-1.pdf>

Underfull \vbox (badness 10000) has occurred while \output is active []

[35]
Overfull \hbox (12.0pt too wide) in paragraph at lines 284--284
[]\TU/lmtt/m/n/10 ## Warning: Removed 9963 rows containing missing values (geom
_path).[] 
 []

File: 05-splines_files/figure-latex/unnamed-chunk-17-1.pdf Graphic file (type p
df)
<use 05-splines_files/figure-latex/unnamed-chunk-17-1.pdf>

Underfull \vbox (badness 10000) has occurred while \output is active []


Overfull \hbox (0.27562pt too wide) has occurred while \output is active
\TU/lmr/m/n/10 36 \TU/lmr/m/sl/10 CHAPTER 6.  SENSITIVITY ANALYSIS OF SPLINE-FI
TTING METHOD
 []

[36]
File: 05-splines_files/figure-latex/unnamed-chunk-18-1.pdf Graphic file (type p
df)
<use 05-splines_files/figure-latex/unnamed-chunk-18-1.pdf>
File: 05-splines_files/figure-latex/unnamed-chunk-19-1.pdf Graphic file (type p
df)
<use 05-splines_files/figure-latex/unnamed-chunk-19-1.pdf>

Underfull \vbox (badness 1983) has occurred while \output is active []

[37]
File: 05-splines_files/figure-latex/unnamed-chunk-20-1.pdf Graphic file (type p
df)
<use 05-splines_files/figure-latex/unnamed-chunk-20-1.pdf>

Underfull \vbox (badness 10000) has occurred while \output is active []


Overfull \hbox (0.27562pt too wide) has occurred while \output is active
\TU/lmr/m/n/10 38 \TU/lmr/m/sl/10 CHAPTER 6.  SENSITIVITY ANALYSIS OF SPLINE-FI
TTING METHOD
 []

[38]
File: 05-splines_files/figure-latex/unnamed-chunk-21-1.pdf Graphic file (type p
df)
<use 05-splines_files/figure-latex/unnamed-chunk-21-1.pdf>

Underfull \vbox (badness 10000) has occurred while \output is active []

[39]
Overfull \hbox (48.75pt too wide) in paragraph at lines 315--315
[]\TU/lmtt/m/n/10 ## Warning: Removed 195133 rows containing non-finite values 
(stat_smooth).[] 
 []

File: 05-splines_files/figure-latex/unnamed-chunk-22-1.pdf Graphic file (type p
df)
<use 05-splines_files/figure-latex/unnamed-chunk-22-1.pdf>

Underfull \vbox (badness 10000) has occurred while \output is active []


Overfull \hbox (0.27562pt too wide) has occurred while \output is active
\TU/lmr/m/n/10 40 \TU/lmr/m/sl/10 CHAPTER 6.  SENSITIVITY ANALYSIS OF SPLINE-FI
TTING METHOD
 []

[40]
File: 05-splines_files/figure-latex/unnamed-chunk-23-1.pdf Graphic file (type p
df)
<use 05-splines_files/figure-latex/unnamed-chunk-23-1.pdf>
File: 05-splines_files/figure-latex/unnamed-chunk-24-1.pdf Graphic file (type p
df)
<use 05-splines_files/figure-latex/unnamed-chunk-24-1.pdf>

Underfull \vbox (badness 1983) has occurred while \output is active []

[41]
Overfull \hbox (0.27562pt too wide) has occurred while \output is active
\TU/lmr/m/n/10 42 \TU/lmr/m/sl/10 CHAPTER 6.  SENSITIVITY ANALYSIS OF SPLINE-FI
TTING METHOD
 []

[42]
Chapter 7.
File: figure-copies/fig-PAR-Probit-sensitivity.png Graphic file (type bmp)
<figure-copies/fig-PAR-Probit-sensitivity.png>

Overfull \hbox (535.01387pt too wide) in paragraph at lines 347--348
[][]  
 []


Underfull \vbox (badness 10000) has occurred while \output is active []

[43

] [44]
Chapter 8.
File: C:/Users/andre/Documents/HBGDki/ki-longitudinal-manuscripts/figures/risk-
factor/fig-sig-heatmap_regionstrat.png Graphic file (type bmp)
<C:/Users/andre/Documents/HBGDki/ki-longitudinal-manuscripts/figures/risk-facto
r/fig-sig-heatmap_regionstrat.png>

Overfull \hbox (425.01216pt too wide) in paragraph at lines 356--357
[]  
 []


Underfull \vbox (badness 10000) has occurred while \output is active []

[45

]
Overfull \vbox (244.81604pt too high) has occurred while \output is active []

[46]
File: C:/Users/andre/Documents/HBGDki/ki-longitudinal-manuscripts/figures/risk-
factor/fig-sig-heatmap_FE.png Graphic file (type bmp)
<C:/Users/andre/Documents/HBGDki/ki-longitudinal-manuscripts/figures/risk-facto
r/fig-sig-heatmap_FE.png>

Overfull \hbox (106.79648pt too wide) in paragraph at lines 361--362
[]  
 []


Underfull \vbox (badness 10000) has occurred while \output is active []


Overfull \hbox (19.53453pt too wide) has occurred while \output is active
\TU/lmr/m/sl/10 8.1.  HEATMAP OF SIGNIFICANCE OF ESTIMATES, REGION STRATIFIED \
TU/lmr/m/n/10 47
 []

[47]
Overfull \vbox (46.90048pt too high) has occurred while \output is active []

[48]
File: C:/Users/andre/Documents/HBGDki/ki-longitudinal-manuscripts/figures/risk-
factor/fig-sig-heatmap_unadj.png Graphic file (type bmp)
<C:/Users/andre/Documents/HBGDki/ki-longitudinal-manuscripts/figures/risk-facto
r/fig-sig-heatmap_unadj.png>

Overfull \hbox (106.79648pt too wide) in paragraph at lines 366--367
[]  
 []


Underfull \vbox (badness 10000) has occurred while \output is active []


Overfull \hbox (71.91125pt too wide) has occurred while \output is active
\TU/lmr/m/sl/10 8.2.  HEATMAP OF SIGNIFICANCE OF ESTIMATES POOLED USING FIXED E
FFECTS \TU/lmr/m/n/10 49
 []

[49]
Overfull \vbox (46.8861pt too high) has occurred while \output is active []

[50]
Chapter 9.
File: figure-copies/fig-mort-RR-time-death.png Graphic file (type bmp)
<figure-copies/fig-mort-RR-time-death.png>

Underfull \vbox (badness 10000) has occurred while \output is active []

[51

]
Overfull \vbox (299.79865pt too high) has occurred while \output is active []

[52]
File: figure-copies/fig-mort-RR-time-death_FE.png Graphic file (type bmp)
<figure-copies/fig-mort-RR-time-death_FE.png>

Underfull \vbox (badness 10000) has occurred while \output is active []


Overfull \hbox (39.30342pt too wide) has occurred while \output is active
\TU/lmr/m/sl/10 9.1.  ASSOCIATIONS BETWEEN EARLY GROWTH FAILURE AND MORTALITY \
TU/lmr/m/n/10 53
 []

[53]
Overfull \vbox (24.88565pt too high) has occurred while \output is active []

[54]
File: figure-copies/fig-mort-024.png Graphic file (type bmp)
<figure-copies/fig-mort-024.png>

Overfull \hbox (30.82101pt too wide) in paragraph at lines 388--389
[]  
 []

File: figure-copies/fig-mort-024_FE.png Graphic file (type bmp)
<figure-copies/fig-mort-024_FE.png>

Overfull \hbox (30.82101pt too wide) in paragraph at lines 392--393
[]  
 []


Underfull \vbox (badness 10000) has occurred while \output is active []


Overfull \hbox (27.21342pt too wide) has occurred while \output is active
\TU/lmr/m/sl/10 9.2.  ASSOCIATIONS BETWEEN ANY GROWTH FAILURE AND MORTALITY \TU
/lmr/m/n/10 55
 []

[55]
File: 08-mortality-kaplan-meier-curves_files/figure-latex/unnamed-chunk-4-1.pdf
 Graphic file (type pdf)
<use 08-mortality-kaplan-meier-curves_files/figure-latex/unnamed-chunk-4-1.pdf>


Underfull \vbox (badness 10000) has occurred while \output is active []

[56]
File: 08-mortality-kaplan-meier-curves_files/figure-latex/unnamed-chunk-5-1.pdf
 Graphic file (type pdf)
<use 08-mortality-kaplan-meier-curves_files/figure-latex/unnamed-chunk-5-1.pdf>


Underfull \vbox (badness 10000) has occurred while \output is active []

[57]
File: 08-mortality-kaplan-meier-curves_files/figure-latex/unnamed-chunk-6-1.pdf
 Graphic file (type pdf)
<use 08-mortality-kaplan-meier-curves_files/figure-latex/unnamed-chunk-6-1.pdf>

File: 08-mortality-kaplan-meier-curves_files/figure-latex/unnamed-chunk-7-1.pdf
 Graphic file (type pdf)
<use 08-mortality-kaplan-meier-curves_files/figure-latex/unnamed-chunk-7-1.pdf>

[58]
File: 08-mortality-kaplan-meier-curves_files/figure-latex/unnamed-chunk-8-1.pdf
 Graphic file (type pdf)
<use 08-mortality-kaplan-meier-curves_files/figure-latex/unnamed-chunk-8-1.pdf>

File: 08-mortality-kaplan-meier-curves_files/figure-latex/unnamed-chunk-9-1.pdf
 Graphic file (type pdf)
<use 08-mortality-kaplan-meier-curves_files/figure-latex/unnamed-chunk-9-1.pdf>

[59]
File: 08-mortality-kaplan-meier-curves_files/figure-latex/unnamed-chunk-10-1.pd
f Graphic file (type pdf)
<use 08-mortality-kaplan-meier-curves_files/figure-latex/unnamed-chunk-10-1.pdf
>
File: 08-mortality-kaplan-meier-curves_files/figure-latex/unnamed-chunk-11-1.pd
f Graphic file (type pdf)
<use 08-mortality-kaplan-meier-curves_files/figure-latex/unnamed-chunk-11-1.pdf
>
[60] [61] [62

]
Chapter 10.
No file bookdown-demo.bbl.
Package atveryend Info: Empty hook `BeforeClearDocument' on input line 441.
[63]
Package atveryend Info: Empty hook `AfterLastShipout' on input line 441.
(./bookdown-demo.aux)
Package atveryend Info: Empty hook `AtVeryEndDocument' on input line 441.
Package atveryend Info: Executing hook `AtEndAfterFileList' on input line 441.
Package rerunfilecheck Info: File `bookdown-demo.out' has not changed.
(rerunfilecheck)             Checksum: 00F112556542A7A42F1C75BFBA28F1FA;2027.
 ) 
Here is how much of TeX's memory you used:
 23567 strings out of 494458
 462947 string characters out of 6172051
 532301 words of memory out of 5000000
 27644 multiletter control sequences out of 15000+600000
 539704 words of font info for 60 fonts, out of 8000000 for 9000
 14 hyphenation exceptions out of 8191
 52i,4n,45p,810b,429s stack positions out of 5000i,500n,10000p,200000b,80000s

Output written on bookdown-demo.pdf (63 pages).
